# JRE version: OpenJDK Runtime Environment Temurin-21.0.7+6 (21.0.7+6) (build 21.0.7+6-LTS)
# Java VM: OpenJDK 64-Bit Server VM Temurin-21.0.7+6 (21.0.7+6-LTS, mixed mode, sharing, tiered, compressed oops, compressed class ptrs, parallel gc, windows-amd64)
GC Precious Log:
 CardTable entry size: 512
 CPUs: 4 total, 4 available
 Memory: 4011M
 Large Page Support: Disabled
 NUMA Support: Disabled
 Compressed Oops: Enabled (32-bit)
 Alignments: Space 512K, Generation 512K, Heap 2M
 Heap Min Capacity: 100M
 Heap Initial Capacity: 100M
 Heap Max Capacity: 1G
 Pre-touch: Disabled
 Parallel Workers: 4
Heap:
 PSYoungGen      total 23040K, used 19530K [0x00000000eab00000, 0x00000000ec400000, 0x0000000100000000)
  eden space 21504K, 84% used [0x00000000eab00000,0x00000000ebcb0ca0,0x00000000ec000000)
  from space 1536K, 92% used [0x00000000ec000000,0x00000000ec161e98,0x00000000ec180000)
  to   space 2048K, 0% used [0x00000000ec200000,0x00000000ec200000,0x00000000ec400000)
 ParOldGen       total 68608K, used 27057K [0x00000000c0000000, 0x00000000c4300000, 0x00000000eab00000)
  object space 68608K, 39% used [0x00000000c0000000,0x00000000c1a6c518,0x00000000c4300000)
 Metaspace       used 52136K, committed 53376K, reserved 1114112K
  class space    used 5594K, committed 6144K, reserved 1048576K
GC Heap History (20 events):
Event: 30.224 GC heap before
{Heap before GC invocations=12 (full 1):
 PSYoungGen      total 24576K, used 24556K [0x00000000eab00000, 0x00000000ec880000, 0x0000000100000000)
  eden space 23040K, 100% used [0x00000000eab00000,0x00000000ec180000,0x00000000ec180000)
  from space 1536K, 98% used [0x00000000ec700000,0x00000000ec87b0e0,0x00000000ec880000)
  to   space 3584K, 0% used [0x00000000ec180000,0x00000000ec180000,0x00000000ec500000)
 ParOldGen       total 68608K, used 14236K [0x00000000c0000000, 0x00000000c4300000, 0x00000000eab00000)
  object space 68608K, 20% used [0x00000000c0000000,0x00000000c0de7090,0x00000000c4300000)
 Metaspace       used 30022K, committed 30976K, reserved 1114112K
  class space    used 3006K, committed 3392K, reserved 1048576K
}
Event: 30.227 GC heap after
{Heap after GC invocations=12 (full 1):
 PSYoungGen      total 26112K, used 685K [0x00000000eab00000, 0x00000000ec780000, 0x0000000100000000)
  eden space 22528K, 0% used [0x00000000eab00000,0x00000000eab00000,0x00000000ec100000)
  from space 3584K, 19% used [0x00000000ec180000,0x00000000ec22b680,0x00000000ec500000)
  to   space 2048K, 0% used [0x00000000ec580000,0x00000000ec580000,0x00000000ec780000)
 ParOldGen       total 68608K, used 15571K [0x00000000c0000000, 0x00000000c4300000, 0x00000000eab00000)
  object space 68608K, 22% used [0x00000000c0000000,0x00000000c0f34d90,0x00000000c4300000)
 Metaspace       used 30022K, committed 30976K, reserved 1114112K
  class space    used 3006K, committed 3392K, reserved 1048576K
}
Event: 36.998 GC heap before
{Heap before GC invocations=13 (full 1):
 PSYoungGen      total 26112K, used 23213K [0x00000000eab00000, 0x00000000ec780000, 0x0000000100000000)
  eden space 22528K, 100% used [0x00000000eab00000,0x00000000ec100000,0x00000000ec100000)
  from space 3584K, 19% used [0x00000000ec180000,0x00000000ec22b680,0x00000000ec500000)
  to   space 2048K, 0% used [0x00000000ec580000,0x00000000ec580000,0x00000000ec780000)
 ParOldGen       total 68608K, used 15571K [0x00000000c0000000, 0x00000000c4300000, 0x00000000eab00000)
  object space 68608K, 22% used [0x00000000c0000000,0x00000000c0f34d90,0x00000000c4300000)
 Metaspace       used 32162K, committed 33152K, reserved 1114112K
  class space    used 3249K, committed 3648K, reserved 1048576K
}
Event: 37.008 GC heap after
{Heap after GC invocations=13 (full 1):
 PSYoungGen      total 23552K, used 1231K [0x00000000eab00000, 0x00000000ec700000, 0x0000000100000000)
  eden space 22016K, 0% used [0x00000000eab00000,0x00000000eab00000,0x00000000ec080000)
  from space 1536K, 80% used [0x00000000ec580000,0x00000000ec6b3cd0,0x00000000ec700000)
  to   space 1536K, 0% used [0x00000000ec400000,0x00000000ec400000,0x00000000ec580000)
 ParOldGen       total 68608K, used 15987K [0x00000000c0000000, 0x00000000c4300000, 0x00000000eab00000)
  object space 68608K, 23% used [0x00000000c0000000,0x00000000c0f9cdd0,0x00000000c4300000)
 Metaspace       used 32162K, committed 33152K, reserved 1114112K
  class space    used 3249K, committed 3648K, reserved 1048576K
}
Event: 41.502 GC heap before
{Heap before GC invocations=14 (full 1):
 PSYoungGen      total 23552K, used 19506K [0x00000000eab00000, 0x00000000ec700000, 0x0000000100000000)
  eden space 22016K, 83% used [0x00000000eab00000,0x00000000ebcd8e70,0x00000000ec080000)
  from space 1536K, 80% used [0x00000000ec580000,0x00000000ec6b3cd0,0x00000000ec700000)
  to   space 1536K, 0% used [0x00000000ec400000,0x00000000ec400000,0x00000000ec580000)
 ParOldGen       total 68608K, used 15987K [0x00000000c0000000, 0x00000000c4300000, 0x00000000eab00000)
  object space 68608K, 23% used [0x00000000c0000000,0x00000000c0f9cdd0,0x00000000c4300000)
 Metaspace       used 34866K, committed 35840K, reserved 1114112K
  class space    used 3561K, committed 3968K, reserved 1048576K
}
Event: 41.507 GC heap after
{Heap after GC invocations=14 (full 1):
 PSYoungGen      total 23552K, used 1063K [0x00000000eab00000, 0x00000000ec600000, 0x0000000100000000)
  eden space 22016K, 0% used [0x00000000eab00000,0x00000000eab00000,0x00000000ec080000)
  from space 1536K, 69% used [0x00000000ec400000,0x00000000ec509e10,0x00000000ec580000)
  to   space 512K, 0% used [0x00000000ec580000,0x00000000ec580000,0x00000000ec600000)
 ParOldGen       total 68608K, used 17040K [0x00000000c0000000, 0x00000000c4300000, 0x00000000eab00000)
  object space 68608K, 24% used [0x00000000c0000000,0x00000000c10a4058,0x00000000c4300000)
 Metaspace       used 34866K, committed 35840K, reserved 1114112K
  class space    used 3561K, committed 3968K, reserved 1048576K
}
Event: 41.507 GC heap before
{Heap before GC invocations=15 (full 2):
 PSYoungGen      total 23552K, used 1063K [0x00000000eab00000, 0x00000000ec600000, 0x0000000100000000)
  eden space 22016K, 0% used [0x00000000eab00000,0x00000000eab00000,0x00000000ec080000)
  from space 1536K, 69% used [0x00000000ec400000,0x00000000ec509e10,0x00000000ec580000)
  to   space 512K, 0% used [0x00000000ec580000,0x00000000ec580000,0x00000000ec600000)
 ParOldGen       total 68608K, used 17040K [0x00000000c0000000, 0x00000000c4300000, 0x00000000eab00000)
  object space 68608K, 24% used [0x00000000c0000000,0x00000000c10a4058,0x00000000c4300000)
 Metaspace       used 34866K, committed 35840K, reserved 1114112K
  class space    used 3561K, committed 3968K, reserved 1048576K
}
Event: 41.599 GC heap after
{Heap after GC invocations=15 (full 2):
 PSYoungGen      total 23552K, used 0K [0x00000000eab00000, 0x00000000ec600000, 0x0000000100000000)
  eden space 22016K, 0% used [0x00000000eab00000,0x00000000eab00000,0x00000000ec080000)
  from space 1536K, 0% used [0x00000000ec400000,0x00000000ec400000,0x00000000ec580000)
  to   space 512K, 0% used [0x00000000ec580000,0x00000000ec580000,0x00000000ec600000)
 ParOldGen       total 68608K, used 17587K [0x00000000c0000000, 0x00000000c4300000, 0x00000000eab00000)
  object space 68608K, 25% used [0x00000000c0000000,0x00000000c112cd10,0x00000000c4300000)
 Metaspace       used 34866K, committed 35840K, reserved 1114112K
  class space    used 3561K, committed 3968K, reserved 1048576K
}
Event: 45.026 GC heap before
{Heap before GC invocations=16 (full 2):
 PSYoungGen      total 23552K, used 21961K [0x00000000eab00000, 0x00000000ec600000, 0x0000000100000000)
  eden space 22016K, 99% used [0x00000000eab00000,0x00000000ec072410,0x00000000ec080000)
  from space 1536K, 0% used [0x00000000ec400000,0x00000000ec400000,0x00000000ec580000)
  to   space 512K, 0% used [0x00000000ec580000,0x00000000ec580000,0x00000000ec600000)
 ParOldGen       total 68608K, used 17587K [0x00000000c0000000, 0x00000000c4300000, 0x00000000eab00000)
  object space 68608K, 25% used [0x00000000c0000000,0x00000000c112cd10,0x00000000c4300000)
 Metaspace       used 37297K, committed 38400K, reserved 1114112K
  class space    used 3841K, committed 4288K, reserved 1048576K
}
Event: 45.030 GC heap after
{Heap after GC invocations=16 (full 2):
 PSYoungGen      total 22528K, used 500K [0x00000000eab00000, 0x00000000ec600000, 0x0000000100000000)
  eden space 22016K, 0% used [0x00000000eab00000,0x00000000eab00000,0x00000000ec080000)
  from space 512K, 97% used [0x00000000ec580000,0x00000000ec5fd240,0x00000000ec600000)
  to   space 2048K, 0% used [0x00000000ec200000,0x00000000ec200000,0x00000000ec400000)
 ParOldGen       total 68608K, used 18936K [0x00000000c0000000, 0x00000000c4300000, 0x00000000eab00000)
  object space 68608K, 27% used [0x00000000c0000000,0x00000000c127e358,0x00000000c4300000)
 Metaspace       used 37297K, committed 38400K, reserved 1114112K
  class space    used 3841K, committed 4288K, reserved 1048576K
}
Event: 46.724 GC heap before
{Heap before GC invocations=17 (full 2):
 PSYoungGen      total 22528K, used 22516K [0x00000000eab00000, 0x00000000ec600000, 0x0000000100000000)
  eden space 22016K, 100% used [0x00000000eab00000,0x00000000ec080000,0x00000000ec080000)
  from space 512K, 97% used [0x00000000ec580000,0x00000000ec5fd240,0x00000000ec600000)
  to   space 2048K, 0% used [0x00000000ec200000,0x00000000ec200000,0x00000000ec400000)
 ParOldGen       total 68608K, used 18936K [0x00000000c0000000, 0x00000000c4300000, 0x00000000eab00000)
  object space 68608K, 27% used [0x00000000c0000000,0x00000000c127e358,0x00000000c4300000)
 Metaspace       used 39930K, committed 41152K, reserved 1114112K
  class space    used 4135K, committed 4672K, reserved 1048576K
}
Event: 46.730 GC heap after
{Heap after GC invocations=17 (full 2):
 PSYoungGen      total 24064K, used 2012K [0x00000000eab00000, 0x00000000ec600000, 0x0000000100000000)
  eden space 22016K, 0% used [0x00000000eab00000,0x00000000eab00000,0x00000000ec080000)
  from space 2048K, 98% used [0x00000000ec200000,0x00000000ec3f71e8,0x00000000ec400000)
  to   space 2048K, 0% used [0x00000000ec400000,0x00000000ec400000,0x00000000ec600000)
 ParOldGen       total 68608K, used 21128K [0x00000000c0000000, 0x00000000c4300000, 0x00000000eab00000)
  object space 68608K, 30% used [0x00000000c0000000,0x00000000c14a2150,0x00000000c4300000)
 Metaspace       used 39930K, committed 41152K, reserved 1114112K
  class space    used 4135K, committed 4672K, reserved 1048576K
}
Event: 47.848 GC heap before
{Heap before GC invocations=18 (full 2):
 PSYoungGen      total 24064K, used 24028K [0x00000000eab00000, 0x00000000ec600000, 0x0000000100000000)
  eden space 22016K, 100% used [0x00000000eab00000,0x00000000ec080000,0x00000000ec080000)
  from space 2048K, 98% used [0x00000000ec200000,0x00000000ec3f71e8,0x00000000ec400000)
  to   space 2048K, 0% used [0x00000000ec400000,0x00000000ec400000,0x00000000ec600000)
 ParOldGen       total 68608K, used 21130K [0x00000000c0000000, 0x00000000c4300000, 0x00000000eab00000)
  object space 68608K, 30% used [0x00000000c0000000,0x00000000c14a2b60,0x00000000c4300000)
 Metaspace       used 42762K, committed 43904K, reserved 1114112K
  class space    used 4487K, committed 4992K, reserved 1048576K
}
Event: 47.854 GC heap after
{Heap after GC invocations=18 (full 2):
 PSYoungGen      total 24064K, used 1568K [0x00000000eab00000, 0x00000000ec600000, 0x0000000100000000)
  eden space 22016K, 0% used [0x00000000eab00000,0x00000000eab00000,0x00000000ec080000)
  from space 2048K, 76% used [0x00000000ec400000,0x00000000ec588000,0x00000000ec600000)
  to   space 2048K, 0% used [0x00000000ec200000,0x00000000ec200000,0x00000000ec400000)
 ParOldGen       total 68608K, used 22631K [0x00000000c0000000, 0x00000000c4300000, 0x00000000eab00000)
  object space 68608K, 32% used [0x00000000c0000000,0x00000000c1619db0,0x00000000c4300000)
 Metaspace       used 42762K, committed 43904K, reserved 1114112K
  class space    used 4487K, committed 4992K, reserved 1048576K
}
Event: 49.242 GC heap before
{Heap before GC invocations=19 (full 2):
 PSYoungGen      total 24064K, used 23584K [0x00000000eab00000, 0x00000000ec600000, 0x0000000100000000)
  eden space 22016K, 100% used [0x00000000eab00000,0x00000000ec080000,0x00000000ec080000)
  from space 2048K, 76% used [0x00000000ec400000,0x00000000ec588000,0x00000000ec600000)
  to   space 2048K, 0% used [0x00000000ec200000,0x00000000ec200000,0x00000000ec400000)
 ParOldGen       total 68608K, used 22631K [0x00000000c0000000, 0x00000000c4300000, 0x00000000eab00000)
  object space 68608K, 32% used [0x00000000c0000000,0x00000000c1619db0,0x00000000c4300000)
 Metaspace       used 45942K, committed 47104K, reserved 1114112K
  class space    used 4897K, committed 5440K, reserved 1048576K
}
Event: 49.247 GC heap after
{Heap after GC invocations=19 (full 2):
 PSYoungGen      total 23552K, used 1306K [0x00000000eab00000, 0x00000000ec480000, 0x0000000100000000)
  eden space 22016K, 0% used [0x00000000eab00000,0x00000000eab00000,0x00000000ec080000)
  from space 1536K, 85% used [0x00000000ec200000,0x00000000ec346b38,0x00000000ec380000)
  to   space 1024K, 0% used [0x00000000ec380000,0x00000000ec380000,0x00000000ec480000)
 ParOldGen       total 68608K, used 24096K [0x00000000c0000000, 0x00000000c4300000, 0x00000000eab00000)
  object space 68608K, 35% used [0x00000000c0000000,0x00000000c1788068,0x00000000c4300000)
 Metaspace       used 45942K, committed 47104K, reserved 1114112K
  class space    used 4897K, committed 5440K, reserved 1048576K
}
Event: 51.074 GC heap before
{Heap before GC invocations=20 (full 2):
 PSYoungGen      total 23552K, used 23322K [0x00000000eab00000, 0x00000000ec480000, 0x0000000100000000)
  eden space 22016K, 100% used [0x00000000eab00000,0x00000000ec080000,0x00000000ec080000)
  from space 1536K, 85% used [0x00000000ec200000,0x00000000ec346b38,0x00000000ec380000)
  to   space 1024K, 0% used [0x00000000ec380000,0x00000000ec380000,0x00000000ec480000)
 ParOldGen       total 68608K, used 24096K [0x00000000c0000000, 0x00000000c4300000, 0x00000000eab00000)
  object space 68608K, 35% used [0x00000000c0000000,0x00000000c1788068,0x00000000c4300000)
 Metaspace       used 48372K, committed 49600K, reserved 1114112K
  class space    used 5173K, committed 5696K, reserved 1048576K
}
Event: 51.080 GC heap after
{Heap after GC invocations=20 (full 2):
 PSYoungGen      total 22528K, used 1005K [0x00000000eab00000, 0x00000000ec780000, 0x0000000100000000)
  eden space 21504K, 0% used [0x00000000eab00000,0x00000000eab00000,0x00000000ec000000)
  from space 1024K, 98% used [0x00000000ec380000,0x00000000ec47b510,0x00000000ec480000)
  to   space 3584K, 0% used [0x00000000ec000000,0x00000000ec000000,0x00000000ec380000)
 ParOldGen       total 68608K, used 26054K [0x00000000c0000000, 0x00000000c4300000, 0x00000000eab00000)
  object space 68608K, 37% used [0x00000000c0000000,0x00000000c1971880,0x00000000c4300000)
 Metaspace       used 48372K, committed 49600K, reserved 1114112K
  class space    used 5173K, committed 5696K, reserved 1048576K
}
Event: 53.202 GC heap before
{Heap before GC invocations=21 (full 2):
 PSYoungGen      total 22528K, used 22452K [0x00000000eab00000, 0x00000000ec780000, 0x0000000100000000)
  eden space 21504K, 99% used [0x00000000eab00000,0x00000000ebff1da8,0x00000000ec000000)
  from space 1024K, 98% used [0x00000000ec380000,0x00000000ec47b510,0x00000000ec480000)
  to   space 3584K, 0% used [0x00000000ec000000,0x00000000ec000000,0x00000000ec380000)
 ParOldGen       total 68608K, used 26054K [0x00000000c0000000, 0x00000000c4300000, 0x00000000eab00000)
  object space 68608K, 37% used [0x00000000c0000000,0x00000000c1971880,0x00000000c4300000)
 Metaspace       used 50306K, committed 51456K, reserved 1114112K
  class space    used 5389K, committed 5888K, reserved 1048576K
}
Event: 53.214 GC heap after
{Heap after GC invocations=21 (full 2):
 PSYoungGen      total 23040K, used 1415K [0x00000000eab00000, 0x00000000ec400000, 0x0000000100000000)
  eden space 21504K, 0% used [0x00000000eab00000,0x00000000eab00000,0x00000000ec000000)
  from space 1536K, 92% used [0x00000000ec000000,0x00000000ec161e98,0x00000000ec180000)
  to   space 2048K, 0% used [0x00000000ec200000,0x00000000ec200000,0x00000000ec400000)
 ParOldGen       total 68608K, used 27057K [0x00000000c0000000, 0x00000000c4300000, 0x00000000eab00000)
  object space 68608K, 39% used [0x00000000c0000000,0x00000000c1a6c518,0x00000000c4300000)
 Metaspace       used 50306K, committed 51456K, reserved 1114112K
  class space    used 5389K, committed 5888K, reserved 1048576K
}

